{
    "timestamp": "2025-02-11T07:54:14.860Z",
    "level": "INFO",
    "message": "DATABASE_CONNECTED",
    "meta": {
        "CONNECTION_NAME": "Setup"
    }
}
{
    "timestamp": "2025-02-11T07:54:14.864Z",
    "level": "INFO",
    "message": "RATE_LIMITER_INITIATED",
    "meta": {}
}
{
    "timestamp": "2025-02-11T07:54:14.865Z",
    "level": "INFO",
    "message": "APPLICATION_STARTED",
    "meta": {
        "PORT": "8804",
        "SERVER_URL": "http://localhost:8804"
    }
}
{
    "timestamp": "2025-02-11T07:55:34.207Z",
    "level": "INFO",
    "message": "DATABASE_CONNECTED",
    "meta": {
        "CONNECTION_NAME": "Setup"
    }
}
{
    "timestamp": "2025-02-11T07:55:34.213Z",
    "level": "INFO",
    "message": "RATE_LIMITER_INITIATED",
    "meta": {}
}
{
    "timestamp": "2025-02-11T07:55:34.214Z",
    "level": "INFO",
    "message": "APPLICATION_STARTED",
    "meta": {
        "PORT": "8804",
        "SERVER_URL": "http://localhost:8804"
    }
}
{
    "timestamp": "2025-02-11T07:56:16.688Z",
    "level": "INFO",
    "message": "DATABASE_CONNECTED",
    "meta": {
        "CONNECTION_NAME": "Setup"
    }
}
{
    "timestamp": "2025-02-11T07:56:16.692Z",
    "level": "INFO",
    "message": "RATE_LIMITER_INITIATED",
    "meta": {}
}
{
    "timestamp": "2025-02-11T07:56:16.693Z",
    "level": "INFO",
    "message": "APPLICATION_STARTED",
    "meta": {
        "PORT": "8804",
        "SERVER_URL": "http://localhost:8804"
    }
}
{
    "timestamp": "2025-02-11T09:01:02.839Z",
    "level": "INFO",
    "message": "DATABASE_CONNECTED",
    "meta": {
        "CONNECTION_NAME": "Setup"
    }
}
{
    "timestamp": "2025-02-11T09:01:02.843Z",
    "level": "INFO",
    "message": "RATE_LIMITER_INITIATED",
    "meta": {}
}
{
    "timestamp": "2025-02-11T09:01:02.845Z",
    "level": "INFO",
    "message": "APPLICATION_STARTED",
    "meta": {
        "PORT": "8804",
        "SERVER_URL": "http://localhost:8804"
    }
}
